<?xml version="1.0" encoding="UTF-8"?>
<testng-results skipped="0" failed="0" ignored="0" total="1" passed="1">
  <reporter-output>
  </reporter-output>
  <suite name="Default suite" duration-ms="13721" started-at="2019-11-01T15:08:29Z" finished-at="2019-11-01T15:08:43Z">
    <groups>
    </groups>
    <test name="Default test" duration-ms="13721" started-at="2019-11-01T15:08:29Z" finished-at="2019-11-01T15:08:43Z">
      <class name="sample.tests.AppTest">
        <test-method status="PASS" signature="test()[pri:0, instance:sample.tests.AppTest@68c4039c]" name="test" duration-ms="13699" started-at="2019-11-01T15:08:29Z" finished-at="2019-11-01T15:08:43Z">
          <reporter-output>
          </reporter-output>
        </test-method> <!-- test -->
      </class> <!-- sample.tests.AppTest -->
    </test> <!-- Default test -->
  </suite> <!-- Default suite -->
</testng-results>
